2026-01-29T14:24:41.972+07:00  INFO 10672 --- [Spring1] [restartedMain] com.example.spring1.Spring1Application   : Starting Spring1Application using Java 21.0.8 with PID 10672 (C:\Users\m0tna\OneDrive\Desktop\1509-BE\SpringBoot\target\classes started by m0tna in C:\Users\m0tna\OneDrive\Desktop\1509-BE\SpringBoot)
2026-01-29T14:24:41.983+07:00  INFO 10672 --- [Spring1] [restartedMain] com.example.spring1.Spring1Application   : No active profile set, falling back to 1 default profile: "default"
2026-01-29T14:24:42.050+07:00  INFO 10672 --- [Spring1] [restartedMain] .e.DevToolsPropertyDefaultsPostProcessor : Devtools property defaults active! Set 'spring.devtools.add-properties' to 'false' to disable
2026-01-29T14:24:42.051+07:00  INFO 10672 --- [Spring1] [restartedMain] .e.DevToolsPropertyDefaultsPostProcessor : For additional web related logging consider setting the 'logging.level.web' property to 'DEBUG'
2026-01-29T14:24:42.944+07:00  INFO 10672 --- [Spring1] [restartedMain] .s.d.r.c.RepositoryConfigurationDelegate : Bootstrapping Spring Data JPA repositories in DEFAULT mode.
2026-01-29T14:24:43.013+07:00  INFO 10672 --- [Spring1] [restartedMain] .s.d.r.c.RepositoryConfigurationDelegate : Finished Spring Data repository scanning in 55 ms. Found 1 JPA repository interface.
2026-01-29T14:24:43.841+07:00  INFO 10672 --- [Spring1] [restartedMain] o.s.boot.tomcat.TomcatWebServer          : Tomcat initialized with port 8080 (http)
2026-01-29T14:24:43.868+07:00  INFO 10672 --- [Spring1] [restartedMain] o.apache.catalina.core.StandardService   : Starting service [Tomcat]
2026-01-29T14:24:43.869+07:00  INFO 10672 --- [Spring1] [restartedMain] o.apache.catalina.core.StandardEngine    : Starting Servlet engine: [Apache Tomcat/11.0.15]
2026-01-29T14:24:44.004+07:00  INFO 10672 --- [Spring1] [restartedMain] b.w.c.s.WebApplicationContextInitializer : Root WebApplicationContext: initialization completed in 1952 ms
2026-01-29T14:24:44.428+07:00  INFO 10672 --- [Spring1] [restartedMain] com.zaxxer.hikari.HikariDataSource       : HikariPool-1 - Starting...
2026-01-29T14:24:44.972+07:00  INFO 10672 --- [Spring1] [restartedMain] com.zaxxer.hikari.pool.HikariPool        : HikariPool-1 - Added connection com.mysql.cj.jdbc.ConnectionImpl@69ddd416
2026-01-29T14:24:44.977+07:00  INFO 10672 --- [Spring1] [restartedMain] com.zaxxer.hikari.HikariDataSource       : HikariPool-1 - Start completed.
2026-01-29T14:24:45.083+07:00  INFO 10672 --- [Spring1] [restartedMain] org.hibernate.orm.jpa                    : HHH008540: Processing PersistenceUnitInfo [name: default]
2026-01-29T14:24:45.427+07:00  INFO 10672 --- [Spring1] [restartedMain] org.hibernate.orm.core                   : HHH000001: Hibernate ORM core version 7.2.0.Final
2026-01-29T14:24:47.881+07:00  INFO 10672 --- [Spring1] [restartedMain] o.s.o.j.p.SpringPersistenceUnitInfo      : No LoadTimeWeaver setup: ignoring JPA class transformer
2026-01-29T14:24:48.206+07:00  WARN 10672 --- [Spring1] [restartedMain] org.hibernate.orm.deprecation            : HHH90000025: MySQLDialect does not need to be specified explicitly using 'hibernate.dialect' (remove the property setting and it will be selected by default)
2026-01-29T14:24:48.251+07:00  INFO 10672 --- [Spring1] [restartedMain] org.hibernate.orm.connections.pooling    : HHH10001005: Database info:
	Database JDBC URL [jdbc:mysql://localhost:3306/spring1?useUnicode=true&characterEncoding=UTF-8&useSSL=false&serverTimezone=Asia/Ho_Chi_Minh&allowPublicKeyRetrieval=true&rewriteBatchedStatements=true&createDatabaseIfNotExist=true]
	Database driver: MySQL Connector/J
	Database dialect: MySQLDialect
	Database version: 9.1
	Default catalog/schema: spring1/undefined
	Autocommit mode: undefined/unknown
	Isolation level: REPEATABLE_READ [default REPEATABLE_READ]
	JDBC fetch size: none
	Pool: DataSourceConnectionProvider
	Minimum pool size: undefined/unknown
	Maximum pool size: undefined/unknown
2026-01-29T14:24:50.935+07:00  INFO 10672 --- [Spring1] [restartedMain] org.hibernate.orm.core                   : HHH000489: No JTA platform available (set 'hibernate.transaction.jta.platform' to enable JTA platform integration)
2026-01-29T14:24:51.121+07:00  INFO 10672 --- [Spring1] [restartedMain] j.LocalContainerEntityManagerFactoryBean : Initialized JPA EntityManagerFactory for persistence unit 'default'
2026-01-29T14:24:51.686+07:00  INFO 10672 --- [Spring1] [restartedMain] o.s.d.j.r.query.QueryEnhancerFactories   : Hibernate is in classpath; If applicable, HQL parser will be used.
2026-01-29T14:24:53.732+07:00  WARN 10672 --- [Spring1] [restartedMain] JpaBaseConfiguration$JpaWebConfiguration : spring.jpa.open-in-view is enabled by default. Therefore, database queries may be performed during view rendering. Explicitly configure spring.jpa.open-in-view to disable this warning
2026-01-29T14:24:54.383+07:00  INFO 10672 --- [Spring1] [restartedMain] o.s.boot.tomcat.TomcatWebServer          : Tomcat started on port 8080 (http) with context path '/'
2026-01-29T14:24:54.393+07:00  INFO 10672 --- [Spring1] [restartedMain] com.example.spring1.Spring1Application   : Started Spring1Application in 12.965 seconds (process running for 22.037)
2026-01-29T14:24:59.060+07:00  INFO 10672 --- [Spring1] [http-nio-8080-exec-5] o.a.c.c.C.[Tomcat].[localhost].[/]       : Initializing Spring DispatcherServlet 'dispatcherServlet'
2026-01-29T14:24:59.061+07:00  INFO 10672 --- [Spring1] [http-nio-8080-exec-5] o.s.web.servlet.DispatcherServlet        : Initializing Servlet 'dispatcherServlet'
2026-01-29T14:24:59.062+07:00  INFO 10672 --- [Spring1] [http-nio-8080-exec-5] o.s.web.servlet.DispatcherServlet        : Completed initialization in 1 ms
2026-01-29T15:07:43.450+07:00  INFO 12256 --- [Spring1] [restartedMain] com.example.spring1.Spring1Application   : Starting Spring1Application using Java 21.0.8 with PID 12256 (C:\Users\m0tna\OneDrive\Desktop\1509-BE\SpringBoot\target\classes started by m0tna in C:\Users\m0tna\OneDrive\Desktop\1509-BE\SpringBoot)
2026-01-29T15:07:43.454+07:00  INFO 12256 --- [Spring1] [restartedMain] com.example.spring1.Spring1Application   : No active profile set, falling back to 1 default profile: "default"
2026-01-29T15:07:43.518+07:00  INFO 12256 --- [Spring1] [restartedMain] .e.DevToolsPropertyDefaultsPostProcessor : Devtools property defaults active! Set 'spring.devtools.add-properties' to 'false' to disable
2026-01-29T15:07:43.518+07:00  INFO 12256 --- [Spring1] [restartedMain] .e.DevToolsPropertyDefaultsPostProcessor : For additional web related logging consider setting the 'logging.level.web' property to 'DEBUG'
2026-01-29T15:07:44.278+07:00  INFO 12256 --- [Spring1] [restartedMain] .s.d.r.c.RepositoryConfigurationDelegate : Bootstrapping Spring Data JPA repositories in DEFAULT mode.
2026-01-29T15:07:44.334+07:00  INFO 12256 --- [Spring1] [restartedMain] .s.d.r.c.RepositoryConfigurationDelegate : Finished Spring Data repository scanning in 44 ms. Found 1 JPA repository interface.
2026-01-29T15:07:44.941+07:00  INFO 12256 --- [Spring1] [restartedMain] o.s.boot.tomcat.TomcatWebServer          : Tomcat initialized with port 8080 (http)
2026-01-29T15:07:44.960+07:00  INFO 12256 --- [Spring1] [restartedMain] o.apache.catalina.core.StandardService   : Starting service [Tomcat]
2026-01-29T15:07:44.961+07:00  INFO 12256 --- [Spring1] [restartedMain] o.apache.catalina.core.StandardEngine    : Starting Servlet engine: [Apache Tomcat/11.0.15]
2026-01-29T15:07:45.041+07:00  INFO 12256 --- [Spring1] [restartedMain] b.w.c.s.WebApplicationContextInitializer : Root WebApplicationContext: initialization completed in 1522 ms
2026-01-29T15:07:45.217+07:00  INFO 12256 --- [Spring1] [restartedMain] com.zaxxer.hikari.HikariDataSource       : HikariPool-1 - Starting...
2026-01-29T15:07:45.414+07:00  INFO 12256 --- [Spring1] [restartedMain] com.zaxxer.hikari.pool.HikariPool        : HikariPool-1 - Added connection com.mysql.cj.jdbc.ConnectionImpl@45fc5455
2026-01-29T15:07:45.417+07:00  INFO 12256 --- [Spring1] [restartedMain] com.zaxxer.hikari.HikariDataSource       : HikariPool-1 - Start completed.
2026-01-29T15:07:45.462+07:00  INFO 12256 --- [Spring1] [restartedMain] org.hibernate.orm.jpa                    : HHH008540: Processing PersistenceUnitInfo [name: default]
2026-01-29T15:07:45.524+07:00  INFO 12256 --- [Spring1] [restartedMain] org.hibernate.orm.core                   : HHH000001: Hibernate ORM core version 7.2.0.Final
2026-01-29T15:07:46.125+07:00  INFO 12256 --- [Spring1] [restartedMain] o.s.o.j.p.SpringPersistenceUnitInfo      : No LoadTimeWeaver setup: ignoring JPA class transformer
2026-01-29T15:07:46.220+07:00  WARN 12256 --- [Spring1] [restartedMain] org.hibernate.orm.deprecation            : HHH90000025: MySQLDialect does not need to be specified explicitly using 'hibernate.dialect' (remove the property setting and it will be selected by default)
2026-01-29T15:07:46.233+07:00  INFO 12256 --- [Spring1] [restartedMain] org.hibernate.orm.connections.pooling    : HHH10001005: Database info:
	Database JDBC URL [jdbc:mysql://localhost:3306/spring1?useUnicode=true&characterEncoding=UTF-8&useSSL=false&serverTimezone=Asia/Ho_Chi_Minh&allowPublicKeyRetrieval=true&rewriteBatchedStatements=true&createDatabaseIfNotExist=true]
	Database driver: MySQL Connector/J
	Database dialect: MySQLDialect
	Database version: 9.1
	Default catalog/schema: spring1/undefined
	Autocommit mode: undefined/unknown
	Isolation level: REPEATABLE_READ [default REPEATABLE_READ]
	JDBC fetch size: none
	Pool: DataSourceConnectionProvider
	Minimum pool size: undefined/unknown
	Maximum pool size: undefined/unknown
2026-01-29T15:07:47.100+07:00  INFO 12256 --- [Spring1] [restartedMain] org.hibernate.orm.core                   : HHH000489: No JTA platform available (set 'hibernate.transaction.jta.platform' to enable JTA platform integration)
2026-01-29T15:07:47.157+07:00  INFO 12256 --- [Spring1] [restartedMain] j.LocalContainerEntityManagerFactoryBean : Initialized JPA EntityManagerFactory for persistence unit 'default'
2026-01-29T15:07:47.281+07:00  INFO 12256 --- [Spring1] [restartedMain] o.s.d.j.r.query.QueryEnhancerFactories   : Hibernate is in classpath; If applicable, HQL parser will be used.
2026-01-29T15:07:48.205+07:00  WARN 12256 --- [Spring1] [restartedMain] JpaBaseConfiguration$JpaWebConfiguration : spring.jpa.open-in-view is enabled by default. Therefore, database queries may be performed during view rendering. Explicitly configure spring.jpa.open-in-view to disable this warning
2026-01-29T15:07:48.639+07:00  INFO 12256 --- [Spring1] [restartedMain] o.s.boot.tomcat.TomcatWebServer          : Tomcat started on port 8080 (http) with context path '/'
2026-01-29T15:07:48.646+07:00  INFO 12256 --- [Spring1] [restartedMain] com.example.spring1.Spring1Application   : Started Spring1Application in 5.73 seconds (process running for 6.256)
